In file included from /home/runner/work/root/root/build/FREETYPE-prefix/src/FREETYPE/src/truetype/truetype.c:22:
/home/runner/work/root/root/build/FREETYPE-prefix/src/FREETYPE/src/truetype/ttgload.c: In function 'load_truetype_glyph':
/home/runner/work/root/root/build/FREETYPE-prefix/src/FREETYPE/src/truetype/ttgload.c:1691:22: warning: storing the address of local variable 'inc_stream' in '*loader.stream' [-Wdangling-pointer=]
 1691 |       loader->stream = &inc_stream;
      |       ~~~~~~~~~~~~~~~^~~~~~~~~~~~~
/home/runner/work/root/root/build/FREETYPE-prefix/src/FREETYPE/src/truetype/ttgload.c:1624:21: note: 'inc_stream' declared here
 1624 |     FT_StreamRec    inc_stream;
      |                     ^~~~~~~~~~
/home/runner/work/root/root/build/FREETYPE-prefix/src/FREETYPE/src/truetype/ttgload.c:1610:35: note: 'loader' declared here
 1610 |   load_truetype_glyph( TT_Loader  loader,
      |                        ~~~~~~~~~~~^~~~~~
In file included from /home/runner/work/root/root/build/FREETYPE-prefix/src/FREETYPE/src/smooth/smooth.c:21:
/home/runner/work/root/root/build/FREETYPE-prefix/src/FREETYPE/src/smooth/ftgrays.c: In function 'gray_convert_glyph':
/home/runner/work/root/root/build/FREETYPE-prefix/src/FREETYPE/src/smooth/ftgrays.c:1968:20: warning: storing the address of local variable 'buffer' in '*worker.ycells' [-Wdangling-pointer=]
 1968 |     ras.ycells     = (PCell*)buffer;
      |                    ^
/home/runner/work/root/root/build/FREETYPE-prefix/src/FREETYPE/src/smooth/ftgrays.c:1950:14: note: 'buffer' declared here
 1950 |     TCell    buffer[FT_MAX_GRAY_POOL];
      |              ^~~~~~
/home/runner/work/root/root/build/FREETYPE-prefix/src/FREETYPE/src/smooth/ftgrays.c:316:33: note: 'worker' declared here
  316 | #define RAS_ARG   gray_PWorker  worker
      |                   ~~~~~~~~~~~~~~^~~~~~
/home/runner/work/root/root/build/FREETYPE-prefix/src/FREETYPE/src/smooth/ftgrays.c:1945:23: note: in expansion of macro 'RAS_ARG'
 1945 |   gray_convert_glyph( RAS_ARG )
      |                       ^~~~~~~
/home/runner/work/root/root/build/FREETYPE-prefix/src/FREETYPE/src/smooth/ftgrays.c:1961:26: warning: storing the address of local variable 'buffer' in '*worker.cell_null' [-Wdangling-pointer=]
 1961 |     ras.cell_null        = buffer + FT_MAX_GRAY_POOL - 1;
      |                          ^
/home/runner/work/root/root/build/FREETYPE-prefix/src/FREETYPE/src/smooth/ftgrays.c:1950:14: note: 'buffer' declared here
 1950 |     TCell    buffer[FT_MAX_GRAY_POOL];
      |              ^~~~~~
/home/runner/work/root/root/build/FREETYPE-prefix/src/FREETYPE/src/smooth/ftgrays.c:316:33: note: 'worker' declared here
  316 | #define RAS_ARG   gray_PWorker  worker
      |                   ~~~~~~~~~~~~~~^~~~~~
/home/runner/work/root/root/build/FREETYPE-prefix/src/FREETYPE/src/smooth/ftgrays.c:1945:23: note: in expansion of macro 'RAS_ARG'
 1945 |   gray_convert_glyph( RAS_ARG )
      |                       ^~~~~~~
