This file contains any messages produced by compilers while
running configure, to aid debugging if configure makes a mistake.

It was created by libAfterImage configure 1.16, which was
generated by GNU Autoconf 2.59.  Invocation command line was

  $ ./configure 

## --------- ##
## Platform. ##
## --------- ##

hostname = pcepsft15.cern.ch
uname -m = i686
uname -r = 2.6.9-67.EL.cern
uname -s = Linux
uname -v = #1 Wed Nov 21 15:46:41 CET 2007

/usr/bin/uname -p = unknown
/bin/uname -X     = unknown

/bin/arch              = i686
/usr/bin/arch -k       = unknown
/usr/convex/getsysinfo = unknown
hostinfo               = unknown
/bin/machine           = unknown
/usr/bin/oslevel       = unknown
/bin/universe          = unknown

PATH: .
PATH: /home/couet/bin
PATH: /usr/local/bin
PATH: /usr/bin
PATH: /usr/bin/X11
PATH: /usr/sue/bin
PATH: /cern/pro/bin
PATH: /sbin
PATH: /usr/local/bin/X11
PATH: /bin
PATH: ./bin
PATH: /home/couet/root/bin
PATH: /afs/cern.ch/sw/totalview/toolworks/totalview.6.8.0-0/bin
PATH: /afs/cern.ch/sw/pgi/pgi32/bin
PATH: /afs/cern.ch/sw/XML/cdrom/bin/i386/


## ----------- ##
## Core tests. ##
## ----------- ##

configure:1644: checking for gcc
configure:1660: found /usr/bin/gcc
configure:1670: result: gcc
configure:1914: checking for C compiler version
configure:1917: gcc --version </dev/null >&5
gcc (GCC) 3.4.6 20060404 (Red Hat 3.4.6-9)
Copyright (C) 2006 Free Software Foundation, Inc.
This is free software; see the source for copying conditions.  There is NO
warranty; not even for MERCHANTABILITY or FITNESS FOR A PARTICULAR PURPOSE.

configure:1920: $? = 0
configure:1922: gcc -v </dev/null >&5
Reading specs from /usr/lib/gcc/i386-redhat-linux/3.4.6/specs
Configured with: ../configure --prefix=/usr --mandir=/usr/share/man --infodir=/usr/share/info --enable-shared --enable-threads=posix --disable-checking --with-system-zlib --enable-__cxa_atexit --disable-libunwind-exceptions --enable-java-awt=gtk --host=i386-redhat-linux
Thread model: posix
gcc version 3.4.6 20060404 (Red Hat 3.4.6-9)
configure:1925: $? = 0
configure:1927: gcc -V </dev/null >&5
gcc: `-V' option must have argument
configure:1930: $? = 1
configure:1953: checking for C compiler default output file name
configure:1956: gcc    conftest.c  >&5
configure:1959: $? = 0
configure:2005: result: a.out
configure:2010: checking whether the C compiler works
configure:2016: ./a.out
configure:2019: $? = 0
configure:2036: result: yes
configure:2043: checking whether we are cross compiling
configure:2045: result: no
configure:2048: checking for suffix of executables
configure:2050: gcc -o conftest    conftest.c  >&5
configure:2053: $? = 0
configure:2078: result: 
configure:2084: checking for suffix of object files
configure:2105: gcc -c   conftest.c >&5
configure:2108: $? = 0
configure:2130: result: o
configure:2134: checking whether we are using the GNU C compiler
configure:2158: gcc -c   conftest.c >&5
configure:2164: $? = 0
configure:2167: test -z 			 || test ! -s conftest.err
configure:2170: $? = 0
configure:2173: test -s conftest.o
configure:2176: $? = 0
configure:2189: result: yes
configure:2195: checking whether gcc accepts -g
configure:2216: gcc -c -g  conftest.c >&5
configure:2222: $? = 0
configure:2225: test -z 			 || test ! -s conftest.err
configure:2228: $? = 0
configure:2231: test -s conftest.o
configure:2234: $? = 0
configure:2245: result: yes
configure:2262: checking for gcc option to accept ANSI C
configure:2332: gcc  -c -g -O2  conftest.c >&5
configure:2338: $? = 0
configure:2341: test -z 			 || test ! -s conftest.err
configure:2344: $? = 0
configure:2347: test -s conftest.o
configure:2350: $? = 0
configure:2368: result: none needed
configure:2386: gcc -c -g -O2  conftest.c >&5
conftest.c:2: error: syntax error before "me"
configure:2392: $? = 1
configure: failed program was:
| #ifndef __cplusplus
|   choke me
| #endif
configure:2522: checking whether ln -s works
configure:2526: result: yes
configure:2565: checking build system type
configure:2583: result: i686-pc-linux-gnu
configure:2591: checking host system type
configure:2605: result: i686-pc-linux-gnu
configure:2700: checking for a BSD-compatible install
configure:2755: result: /usr/bin/install -c
configure:2813: checking for ranlib
configure:2829: found /usr/bin/ranlib
configure:2840: result: ranlib
configure:2854: checking for rm
configure:2872: found /bin/rm
configure:2885: result: /bin/rm
configure:2894: checking for mv
configure:2912: found /bin/mv
configure:2925: result: /bin/mv
configure:2934: checking for cp
configure:2952: found /bin/cp
configure:2965: result: /bin/cp
configure:2974: checking for mkdir
configure:2992: found /bin/mkdir
configure:3005: result: /bin/mkdir
configure:3014: checking for perl
configure:3032: found /usr/local/bin/perl
configure:3045: result: /usr/local/bin/perl
configure:3054: checking for find
configure:3072: found /usr/bin/find
configure:3085: result: /usr/bin/find
configure:3094: checking for xargs
configure:3112: found /usr/bin/xargs
configure:3125: result: /usr/bin/xargs
configure:3134: checking for ldconfig
configure:3153: found /sbin/ldconfig
configure:3166: result: /sbin/ldconfig
configure:3190: checking for MMX support
configure:3211: gcc -c -O3 -DNO_DEBUG_OUTPUT -fPIC -Wall -mmmx -Winline --param inline-unit-growth=10000 --param large-function-growth=10000  conftest.c >&5
configure:3217: $? = 0
configure:3220: test -z 			 || test ! -s conftest.err
configure:3223: $? = 0
configure:3226: test -s conftest.o
configure:3229: $? = 0
configure:3239: result: yes
configure:3262: checking how to run the C preprocessor
configure:3297: gcc -E  conftest.c
configure:3303: $? = 0
configure:3335: gcc -E  conftest.c
conftest.c:10:28: ac_nonexistent.h: No such file or directory
configure:3341: $? = 1
configure: failed program was:
| /* confdefs.h.  */
| 
| #define PACKAGE_NAME "libAfterImage"
| #define PACKAGE_TARNAME "libAfterImage.tar"
| #define PACKAGE_VERSION "1.16"
| #define PACKAGE_STRING "libAfterImage 1.16"
| #define PACKAGE_BUGREPORT "as-bugs@afterstep.org"
| #define HAVE_MMX 1
| /* end confdefs.h.  */
| #include <ac_nonexistent.h>
configure:3380: result: gcc -E
configure:3404: gcc -E  conftest.c
configure:3410: $? = 0
configure:3442: gcc -E  conftest.c
conftest.c:10:28: ac_nonexistent.h: No such file or directory
configure:3448: $? = 1
configure: failed program was:
| /* confdefs.h.  */
| 
| #define PACKAGE_NAME "libAfterImage"
| #define PACKAGE_TARNAME "libAfterImage.tar"
| #define PACKAGE_VERSION "1.16"
| #define PACKAGE_STRING "libAfterImage 1.16"
| #define PACKAGE_BUGREPORT "as-bugs@afterstep.org"
| #define HAVE_MMX 1
| /* end confdefs.h.  */
| #include <ac_nonexistent.h>
configure:3494: checking for X
configure:3728: result: libraries /usr/X11R6/lib, headers /usr/X11R6/include
configure:3899: gcc -o conftest -O3 -DNO_DEBUG_OUTPUT -fPIC -Wall   -rdynamic conftest.c   -L/usr/X11R6/lib -lX11 >&5
configure:3905: $? = 0
configure:3908: test -z 			 || test ! -s conftest.err
configure:3911: $? = 0
configure:3914: test -s conftest
configure:3917: $? = 0
configure:4073: checking for gethostbyname
configure:4130: gcc -o conftest -O3 -DNO_DEBUG_OUTPUT -fPIC -Wall   -rdynamic conftest.c  >&5
configure:4136: $? = 0
configure:4139: test -z 			 || test ! -s conftest.err
configure:4142: $? = 0
configure:4145: test -s conftest
configure:4148: $? = 0
configure:4160: result: yes
configure:4309: checking for connect
configure:4366: gcc -o conftest -O3 -DNO_DEBUG_OUTPUT -fPIC -Wall   -rdynamic conftest.c  >&5
configure:4372: $? = 0
configure:4375: test -z 			 || test ! -s conftest.err
configure:4378: $? = 0
configure:4381: test -s conftest
configure:4384: $? = 0
configure:4396: result: yes
configure:4470: checking for remove
configure:4527: gcc -o conftest -O3 -DNO_DEBUG_OUTPUT -fPIC -Wall   -rdynamic conftest.c  >&5
configure:4533: $? = 0
configure:4536: test -z 			 || test ! -s conftest.err
configure:4539: $? = 0
configure:4542: test -s conftest
configure:4545: $? = 0
configure:4557: result: yes
configure:4631: checking for shmat
configure:4688: gcc -o conftest -O3 -DNO_DEBUG_OUTPUT -fPIC -Wall   -rdynamic conftest.c  >&5
configure:4694: $? = 0
configure:4697: test -z 			 || test ! -s conftest.err
configure:4700: $? = 0
configure:4703: test -s conftest
configure:4706: $? = 0
configure:4718: result: yes
configure:4801: checking for IceConnectionNumber in -lICE
configure:4831: gcc -o conftest -O3 -DNO_DEBUG_OUTPUT -fPIC -Wall   -rdynamic -L/usr/X11R6/lib conftest.c -lICE   >&5
configure:4837: $? = 0
configure:4840: test -z 			 || test ! -s conftest.err
configure:4843: $? = 0
configure:4846: test -s conftest
configure:4849: $? = 0
configure:4862: result: yes
configure:4892: checking for XOpenDisplay in -lX11
configure:4922: gcc -o conftest -O3 -DNO_DEBUG_OUTPUT -fPIC -Wall   -rdynamic conftest.c -lX11  -rdynamic  -L/usr/X11R6/lib   -lSM -lICE  >&5
configure:4928: $? = 0
configure:4931: test -z 			 || test ! -s conftest.err
configure:4934: $? = 0
configure:4937: test -s conftest
configure:4940: $? = 0
configure:4953: result: yes
configure:4963: checking whether byte ordering is bigendian
configure:4990: gcc -c -O3 -DNO_DEBUG_OUTPUT -fPIC -Wall  conftest.c >&5
configure:4996: $? = 0
configure:4999: test -z 			 || test ! -s conftest.err
configure:5002: $? = 0
configure:5005: test -s conftest.o
configure:5008: $? = 0
configure:5032: gcc -c -O3 -DNO_DEBUG_OUTPUT -fPIC -Wall  conftest.c >&5
conftest.c: In function `main':
conftest.c:17: error: `not' undeclared (first use in this function)
conftest.c:17: error: (Each undeclared identifier is reported only once
conftest.c:17: error: for each function it appears in.)
conftest.c:17: error: syntax error before "big"
configure:5038: $? = 1
configure: failed program was:
| /* confdefs.h.  */
| 
| #define PACKAGE_NAME "libAfterImage"
| #define PACKAGE_TARNAME "libAfterImage.tar"
| #define PACKAGE_VERSION "1.16"
| #define PACKAGE_STRING "libAfterImage 1.16"
| #define PACKAGE_BUGREPORT "as-bugs@afterstep.org"
| #define HAVE_MMX 1
| /* end confdefs.h.  */
| #include <sys/types.h>
| #include <sys/param.h>
| 
| int
| main ()
| {
| #if BYTE_ORDER != BIG_ENDIAN
|  not big endian
| #endif
| 
|   ;
|   return 0;
| }
configure:5171: result: no
configure:5190: checking for inline
configure:5211: gcc -c -O3 -DNO_DEBUG_OUTPUT -fPIC -Wall  conftest.c >&5
configure:5217: $? = 0
configure:5220: test -z 			 || test ! -s conftest.err
configure:5223: $? = 0
configure:5226: test -s conftest.o
configure:5229: $? = 0
configure:5241: result: inline
configure:5260: checking for egrep
configure:5270: result: grep -E
configure:5275: checking for ANSI C header files
configure:5300: gcc -c -O3 -DNO_DEBUG_OUTPUT -fPIC -Wall  conftest.c >&5
configure:5306: $? = 0
configure:5309: test -z 			 || test ! -s conftest.err
configure:5312: $? = 0
configure:5315: test -s conftest.o
configure:5318: $? = 0
configure:5407: gcc -o conftest -O3 -DNO_DEBUG_OUTPUT -fPIC -Wall   -rdynamic conftest.c  >&5
conftest.c: In function `main':
conftest.c:27: warning: implicit declaration of function `exit'
configure:5410: $? = 0
configure:5412: ./conftest
configure:5415: $? = 0
configure:5430: result: yes
configure:5454: checking for sys/types.h
configure:5470: gcc -c -O3 -DNO_DEBUG_OUTPUT -fPIC -Wall  conftest.c >&5
configure:5476: $? = 0
configure:5479: test -z 			 || test ! -s conftest.err
configure:5482: $? = 0
configure:5485: test -s conftest.o
configure:5488: $? = 0
configure:5499: result: yes
configure:5454: checking for sys/stat.h
configure:5470: gcc -c -O3 -DNO_DEBUG_OUTPUT -fPIC -Wall  conftest.c >&5
configure:5476: $? = 0
configure:5479: test -z 			 || test ! -s conftest.err
configure:5482: $? = 0
configure:5485: test -s conftest.o
configure:5488: $? = 0
configure:5499: result: yes
configure:5454: checking for stdlib.h
configure:5470: gcc -c -O3 -DNO_DEBUG_OUTPUT -fPIC -Wall  conftest.c >&5
configure:5476: $? = 0
configure:5479: test -z 			 || test ! -s conftest.err
configure:5482: $? = 0
configure:5485: test -s conftest.o
configure:5488: $? = 0
configure:5499: result: yes
configure:5454: checking for string.h
configure:5470: gcc -c -O3 -DNO_DEBUG_OUTPUT -fPIC -Wall  conftest.c >&5
configure:5476: $? = 0
configure:5479: test -z 			 || test ! -s conftest.err
configure:5482: $? = 0
configure:5485: test -s conftest.o
configure:5488: $? = 0
configure:5499: result: yes
configure:5454: checking for memory.h
configure:5470: gcc -c -O3 -DNO_DEBUG_OUTPUT -fPIC -Wall  conftest.c >&5
configure:5476: $? = 0
configure:5479: test -z 			 || test ! -s conftest.err
configure:5482: $? = 0
configure:5485: test -s conftest.o
configure:5488: $? = 0
configure:5499: result: yes
configure:5454: checking for strings.h
configure:5470: gcc -c -O3 -DNO_DEBUG_OUTPUT -fPIC -Wall  conftest.c >&5
configure:5476: $? = 0
configure:5479: test -z 			 || test ! -s conftest.err
configure:5482: $? = 0
configure:5485: test -s conftest.o
configure:5488: $? = 0
configure:5499: result: yes
configure:5454: checking for inttypes.h
configure:5470: gcc -c -O3 -DNO_DEBUG_OUTPUT -fPIC -Wall  conftest.c >&5
configure:5476: $? = 0
configure:5479: test -z 			 || test ! -s conftest.err
configure:5482: $? = 0
configure:5485: test -s conftest.o
configure:5488: $? = 0
configure:5499: result: yes
configure:5454: checking for stdint.h
configure:5470: gcc -c -O3 -DNO_DEBUG_OUTPUT -fPIC -Wall  conftest.c >&5
configure:5476: $? = 0
configure:5479: test -z 			 || test ! -s conftest.err
configure:5482: $? = 0
configure:5485: test -s conftest.o
configure:5488: $? = 0
configure:5499: result: yes
configure:5454: checking for unistd.h
configure:5470: gcc -c -O3 -DNO_DEBUG_OUTPUT -fPIC -Wall  conftest.c >&5
configure:5476: $? = 0
configure:5479: test -z 			 || test ! -s conftest.err
configure:5482: $? = 0
configure:5485: test -s conftest.o
configure:5488: $? = 0
configure:5499: result: yes
configure:5511: checking for long long
configure:5535: gcc -c -O3 -DNO_DEBUG_OUTPUT -fPIC -Wall  conftest.c >&5
configure:5541: $? = 0
configure:5544: test -z 			 || test ! -s conftest.err
configure:5547: $? = 0
configure:5550: test -s conftest.o
configure:5553: $? = 0
configure:5564: result: yes
configure:5576: checking whether time.h and sys/time.h may both be included
configure:5601: gcc -c -O3 -DNO_DEBUG_OUTPUT -fPIC -Wall  conftest.c >&5
configure:5607: $? = 0
configure:5610: test -z 			 || test ! -s conftest.err
configure:5613: $? = 0
configure:5616: test -s conftest.o
configure:5619: $? = 0
configure:5630: result: yes
configure:5661: checking sys/wait.h usability
configure:5673: gcc -c -O3 -DNO_DEBUG_OUTPUT -fPIC -Wall  conftest.c >&5
configure:5679: $? = 0
configure:5682: test -z 			 || test ! -s conftest.err
configure:5685: $? = 0
configure:5688: test -s conftest.o
configure:5691: $? = 0
configure:5701: result: yes
configure:5705: checking sys/wait.h presence
configure:5715: gcc -E  conftest.c
configure:5721: $? = 0
configure:5741: result: yes
configure:5776: checking for sys/wait.h
configure:5783: result: yes
configure:5661: checking sys/time.h usability
configure:5673: gcc -c -O3 -DNO_DEBUG_OUTPUT -fPIC -Wall  conftest.c >&5
configure:5679: $? = 0
configure:5682: test -z 			 || test ! -s conftest.err
configure:5685: $? = 0
configure:5688: test -s conftest.o
configure:5691: $? = 0
configure:5701: result: yes
configure:5705: checking sys/time.h presence
configure:5715: gcc -E  conftest.c
configure:5721: $? = 0
configure:5741: result: yes
configure:5776: checking for sys/time.h
configure:5783: result: yes
configure:5661: checking malloc.h usability
configure:5673: gcc -c -O3 -DNO_DEBUG_OUTPUT -fPIC -Wall  conftest.c >&5
configure:5679: $? = 0
configure:5682: test -z 			 || test ! -s conftest.err
configure:5685: $? = 0
configure:5688: test -s conftest.o
configure:5691: $? = 0
configure:5701: result: yes
configure:5705: checking malloc.h presence
configure:5715: gcc -E  conftest.c
configure:5721: $? = 0
configure:5741: result: yes
configure:5776: checking for malloc.h
configure:5783: result: yes
configure:5652: checking for stdlib.h
configure:5657: result: yes
configure:5652: checking for unistd.h
configure:5657: result: yes
configure:5661: checking stddef.h usability
configure:5673: gcc -c -O3 -DNO_DEBUG_OUTPUT -fPIC -Wall  conftest.c >&5
configure:5679: $? = 0
configure:5682: test -z 			 || test ! -s conftest.err
configure:5685: $? = 0
configure:5688: test -s conftest.o
configure:5691: $? = 0
configure:5701: result: yes
configure:5705: checking stddef.h presence
configure:5715: gcc -E  conftest.c
configure:5721: $? = 0
configure:5741: result: yes
configure:5776: checking for stddef.h
configure:5783: result: yes
configure:5661: checking stdarg.h usability
configure:5673: gcc -c -O3 -DNO_DEBUG_OUTPUT -fPIC -Wall  conftest.c >&5
configure:5679: $? = 0
configure:5682: test -z 			 || test ! -s conftest.err
configure:5685: $? = 0
configure:5688: test -s conftest.o
configure:5691: $? = 0
configure:5701: result: yes
configure:5705: checking stdarg.h presence
configure:5715: gcc -E  conftest.c
configure:5721: $? = 0
configure:5741: result: yes
configure:5776: checking for stdarg.h
configure:5783: result: yes
configure:5661: checking errno.h usability
configure:5673: gcc -c -O3 -DNO_DEBUG_OUTPUT -fPIC -Wall  conftest.c >&5
configure:5679: $? = 0
configure:5682: test -z 			 || test ! -s conftest.err
configure:5685: $? = 0
configure:5688: test -s conftest.o
configure:5691: $? = 0
configure:5701: result: yes
configure:5705: checking errno.h presence
configure:5715: gcc -E  conftest.c
configure:5721: $? = 0
configure:5741: result: yes
configure:5776: checking for errno.h
configure:5783: result: yes
configure:6169: checking for XShapeCombineMask in -lXext
configure:6199: gcc -o conftest -O3 -DNO_DEBUG_OUTPUT -fPIC -Wall   -rdynamic conftest.c -lXext  -rdynamic  -L/usr/X11R6/lib   -lSM -lICE  >&5
configure:6205: $? = 0
configure:6208: test -z 			 || test ! -s conftest.err
configure:6211: $? = 0
configure:6214: test -s conftest
configure:6217: $? = 0
configure:6230: result: yes
configure:6681: checking jpeglib.h usability
configure:6693: gcc -c -O3 -DNO_DEBUG_OUTPUT -fPIC -Wall  conftest.c >&5
configure:6699: $? = 0
configure:6702: test -z 			 || test ! -s conftest.err
configure:6705: $? = 0
configure:6708: test -s conftest.o
configure:6711: $? = 0
configure:6721: result: yes
configure:6725: checking jpeglib.h presence
configure:6735: gcc -E  conftest.c
configure:6741: $? = 0
configure:6761: result: yes
configure:6796: checking for jpeglib.h
configure:6803: result: yes
configure:6851: checking for unsigned char
configure:6875: gcc -c -O3 -DNO_DEBUG_OUTPUT -fPIC -Wall  conftest.c >&5
configure:6881: $? = 0
configure:6884: test -z 			 || test ! -s conftest.err
configure:6887: $? = 0
configure:6890: test -s conftest.o
configure:6893: $? = 0
configure:6904: result: yes
configure:6907: checking for unsigned short
configure:6931: gcc -c -O3 -DNO_DEBUG_OUTPUT -fPIC -Wall  conftest.c >&5
configure:6937: $? = 0
configure:6940: test -z 			 || test ! -s conftest.err
configure:6943: $? = 0
configure:6946: test -s conftest.o
configure:6949: $? = 0
configure:6960: result: yes
configure:6963: checking for an ANSI C-conforming const
configure:7030: gcc -c -O3 -DNO_DEBUG_OUTPUT -fPIC -Wall  conftest.c >&5
conftest.c: In function `main':
conftest.c:61: warning: unused variable `s'
conftest.c:81: warning: unused variable `foo'
conftest.c:42: warning: unused variable `x'
conftest.c:48: warning: unused variable `zero'
conftest.c:78: warning: 'b' might be used uninitialized in this function
conftest.c:60: warning: 't' might be used uninitialized in this function
configure:7036: $? = 0
configure:7039: test -z 			 || test ! -s conftest.err
configure:7042: $? = 0
configure:7045: test -s conftest.o
configure:7048: $? = 0
configure:7059: result: yes
configure:7070: checking whether char is unsigned
configure:7093: gcc -c -O3 -DNO_DEBUG_OUTPUT -fPIC -Wall  conftest.c >&5
configure:7099: $? = 0
configure:7102: test -z 			 || test ! -s conftest.err
configure:7105: $? = 0
configure:7108: test -s conftest.o
configure:7111: $? = 0
configure:7122: result: no
configure:7161: checking png.h usability
configure:7173: gcc -c -O3 -DNO_DEBUG_OUTPUT -fPIC -Wall  conftest.c >&5
configure:7179: $? = 0
configure:7182: test -z 			 || test ! -s conftest.err
configure:7185: $? = 0
configure:7188: test -s conftest.o
configure:7191: $? = 0
configure:7201: result: yes
configure:7205: checking png.h presence
configure:7215: gcc -E  conftest.c
configure:7221: $? = 0
configure:7241: result: yes
configure:7276: checking for png.h
configure:7283: result: yes
configure:7308: checking zlib.h usability
configure:7320: gcc -c -O3 -DNO_DEBUG_OUTPUT -fPIC -Wall  conftest.c >&5
configure:7326: $? = 0
configure:7329: test -z 			 || test ! -s conftest.err
configure:7332: $? = 0
configure:7335: test -s conftest.o
configure:7338: $? = 0
configure:7348: result: yes
configure:7352: checking zlib.h presence
configure:7362: gcc -E  conftest.c
configure:7368: $? = 0
configure:7388: result: yes
configure:7423: checking for zlib.h
configure:7430: result: yes
configure:7447: checking for png_get_sRGB in png.h
configure:7466: result: yes
configure:7684: checking using built-in UNGIF library
configure:7698: result: yes
configure:7729: checking tiffio.h usability
configure:7741: gcc -c -O3 -DNO_DEBUG_OUTPUT -fPIC -Wall  conftest.c >&5
configure:7747: $? = 0
configure:7750: test -z 			 || test ! -s conftest.err
configure:7753: $? = 0
configure:7756: test -s conftest.o
configure:7759: $? = 0
configure:7769: result: yes
configure:7773: checking tiffio.h presence
configure:7783: gcc -E  conftest.c
configure:7789: $? = 0
configure:7809: result: yes
configure:7844: checking for tiffio.h
configure:7851: result: yes
configure:7881: checking for pkg-config
configure:7899: found /usr/bin/pkg-config
configure:7912: result: /usr/bin/pkg-config
configure:8023: checking pkg-config is at least version 0.9.0
configure:8026: result: yes
configure:8037: checking for SVG
configure:8045: $PKG_CONFIG --exists --print-errors "$pkg_modules"
configure:8048: $? = 0
configure:8063: $PKG_CONFIG --exists --print-errors "$pkg_modules"
configure:8066: $? = 0
configure:8100: result: yes
configure:8127: checking headers required by TTF support
configure:8145: result:  -I/usr/include/freetype2
configure:8166: checking ft2build.h usability
configure:8178: gcc -c -O3 -DNO_DEBUG_OUTPUT -fPIC -Wall  -I/usr/include/freetype2      -I/usr/include/librsvg-2 -I/usr/include/glib-2.0 -I/usr/lib/glib-2.0/include -I/usr/include/gtk-2.0    -I/usr/X11R6/include  -I/usr/include/freetype2  conftest.c >&5
configure:8184: $? = 0
configure:8187: test -z 			 || test ! -s conftest.err
configure:8190: $? = 0
configure:8193: test -s conftest.o
configure:8196: $? = 0
configure:8206: result: yes
configure:8210: checking ft2build.h presence
configure:8220: gcc -E  -I/usr/include/freetype2  conftest.c
configure:8226: $? = 0
configure:8246: result: yes
configure:8281: checking for ft2build.h
configure:8288: result: yes
configure:8301: checking freetype/freetype.h 
In file included from conftest.c:41:
/usr/include/freetype2/freetype/freetype.h:20:2: #error "`ft2build.h' hasn't been included yet!"
/usr/include/freetype2/freetype/freetype.h:21:2: #error "Please always use macros to include FreeType header files."
/usr/include/freetype2/freetype/freetype.h:22:2: #error "Example:"
/usr/include/freetype2/freetype/freetype.h:23:2: #error "  #include <ft2build.h>"
/usr/include/freetype2/freetype/freetype.h:24:2: #error "  #include FT_FREETYPE_H"
configure:8445: gcc -o conftest -O3 -DNO_DEBUG_OUTPUT -fPIC -Wall  -I/usr/include/freetype2      -I/usr/include/librsvg-2 -I/usr/include/glib-2.0 -I/usr/lib/glib-2.0/include -I/usr/include/gtk-2.0    -I/usr/X11R6/include  -I/usr/include/freetype2   -rdynamic conftest.c  >&5
conftest.c: In function `main':
conftest.c:43: warning: unused variable `f'
configure:8448: $? = 0
configure:8450: ./conftest
configure:8453: $? = 0
configure:8522: result: yes
configure:8560: checking libAfterBase headers in ../libAfterBase
configure:8569: result: no
configure:8581: checking libAfterBase/astypes.h usability
configure:8593: gcc -c -O3 -DNO_DEBUG_OUTPUT -fPIC -Wall  conftest.c >&5
configure:8599: $? = 0
configure:8602: test -z 			 || test ! -s conftest.err
configure:8605: $? = 0
configure:8608: test -s conftest.o
configure:8611: $? = 0
configure:8621: result: yes
configure:8625: checking libAfterBase/astypes.h presence
configure:8635: gcc -E  conftest.c
configure:8641: $? = 0
configure:8661: result: yes
configure:8696: checking for libAfterBase/astypes.h
configure:8703: result: yes
configure:9414: creating ./config.status

## ---------------------- ##
## Running config.status. ##
## ---------------------- ##

This file was extended by libAfterImage config.status 1.16, which was
generated by GNU Autoconf 2.59.  Invocation command line was

  CONFIG_FILES    = 
  CONFIG_HEADERS  = 
  CONFIG_LINKS    = 
  CONFIG_COMMANDS = 
  $ ./config.status 

on pcepsft15.cern.ch

config.status:760: creating apps/Makefile
config.status:760: creating Makefile
config.status:760: creating afterbase.h
config.status:760: creating afterimage-libs
config.status:760: creating afterimage-config
config.status:826: creating config.h
config.status:996: config.h is unchanged

## ---------------- ##
## Cache variables. ##
## ---------------- ##

ac_cv_build=i686-pc-linux-gnu
ac_cv_build_alias=i686-pc-linux-gnu
ac_cv_c_bigendian=no
ac_cv_c_char_unsigned=no
ac_cv_c_compiler_gnu=yes
ac_cv_c_const=yes
ac_cv_c_inline=inline
ac_cv_env_CC_set=
ac_cv_env_CC_value=
ac_cv_env_CFLAGS_set=
ac_cv_env_CFLAGS_value=
ac_cv_env_CPPFLAGS_set=
ac_cv_env_CPPFLAGS_value=
ac_cv_env_CPP_set=
ac_cv_env_CPP_value=
ac_cv_env_LDFLAGS_set=
ac_cv_env_LDFLAGS_value=
ac_cv_env_PKG_CONFIG_set=
ac_cv_env_PKG_CONFIG_value=
ac_cv_env_SVG_CFLAGS_set=
ac_cv_env_SVG_CFLAGS_value=
ac_cv_env_SVG_LIBS_set=
ac_cv_env_SVG_LIBS_value=
ac_cv_env_build_alias_set=
ac_cv_env_build_alias_value=
ac_cv_env_host_alias_set=
ac_cv_env_host_alias_value=
ac_cv_env_target_alias_set=
ac_cv_env_target_alias_value=
ac_cv_exeext=
ac_cv_func_connect=yes
ac_cv_func_gethostbyname=yes
ac_cv_func_remove=yes
ac_cv_func_shmat=yes
ac_cv_have_x='have_x=yes 		ac_x_includes=/usr/X11R6/include ac_x_libraries=/usr/X11R6/lib'
ac_cv_header_errno_h=yes
ac_cv_header_ft2build_h=yes
ac_cv_header_inttypes_h=yes
ac_cv_header_jpeglib_h=yes
ac_cv_header_libAfterBase_astypes_h=yes
ac_cv_header_malloc_h=yes
ac_cv_header_memory_h=yes
ac_cv_header_png_h=yes
ac_cv_header_stdarg_h=yes
ac_cv_header_stdc=yes
ac_cv_header_stddef_h=yes
ac_cv_header_stdint_h=yes
ac_cv_header_stdlib_h=yes
ac_cv_header_string_h=yes
ac_cv_header_strings_h=yes
ac_cv_header_sys_stat_h=yes
ac_cv_header_sys_time_h=yes
ac_cv_header_sys_types_h=yes
ac_cv_header_sys_wait_h=yes
ac_cv_header_tiffio_h=yes
ac_cv_header_time=yes
ac_cv_header_unistd_h=yes
ac_cv_header_zlib_h=yes
ac_cv_host=i686-pc-linux-gnu
ac_cv_host_alias=i686-pc-linux-gnu
ac_cv_lib_ICE_IceConnectionNumber=yes
ac_cv_lib_X11_XOpenDisplay=yes
ac_cv_lib_Xext_XShapeCombineMask=yes
ac_cv_objext=o
ac_cv_path_CP=/bin/cp
ac_cv_path_FIND=/usr/bin/find
ac_cv_path_LDCONFIG=/sbin/ldconfig
ac_cv_path_MKDIR=/bin/mkdir
ac_cv_path_MV=/bin/mv
ac_cv_path_PERL=/usr/local/bin/perl
ac_cv_path_PKG_CONFIG=/usr/bin/pkg-config
ac_cv_path_RM=/bin/rm
ac_cv_path_XARGS=/usr/bin/xargs
ac_cv_path_install='/usr/bin/install -c'
ac_cv_prog_CPP='gcc -E'
ac_cv_prog_ac_ct_CC=gcc
ac_cv_prog_ac_ct_RANLIB=ranlib
ac_cv_prog_cc_g=yes
ac_cv_prog_cc_stdc=
ac_cv_prog_egrep='grep -E'
ac_cv_type_long_long=yes
ac_cv_type_unsigned_char=yes
ac_cv_type_unsigned_short=yes
pkg_cv_SVG_CFLAGS='-I/usr/include/librsvg-2 -I/usr/include/glib-2.0 -I/usr/lib/glib-2.0/include -I/usr/include/gtk-2.0  '
pkg_cv_SVG_LIBS='-Wl,--export-dynamic -lrsvg-2 -lgdk_pixbuf-2.0 -lm -lgobject-2.0 -lgmodule-2.0 -ldl -lglib-2.0  '

## ----------------- ##
## Output variables. ##
## ----------------- ##

AFTERBASE_C=''
AFTERBASE_INCS_PATH=''
AFTERIMAGE_APPS_LIBS='-L../ -L/usr/local/lib -lAfterImage -lAfterBase -lfreetype -lz -Wl,--export-dynamic -lrsvg-2 -lgdk_pixbuf-2.0 -lm -lgobject-2.0 -lgmodule-2.0 -ldl -lglib-2.0   -ltiff -lX11  -L/usr/X11R6/lib   -lSM -lICE -lXext -ljpeg -lpng -lz -lm'
AFTERIMAGE_LIBS='-L/usr/local/lib -lAfterImage  -lAfterBase -lfreetype -lz -Wl,--export-dynamic -lrsvg-2 -lgdk_pixbuf-2.0 -lm -lgobject-2.0 -lgmodule-2.0 -ldl -lglib-2.0 -ltiff -lX11 -L/usr/X11R6/lib -lSM -lICE -lXext -ljpeg -lpng -lz -lm'
AFTERIMAGE_LIBS_EXTERNAL='-lfreetype -lz -Wl,--export-dynamic -lrsvg-2 -lgdk_pixbuf-2.0 -lm -lgobject-2.0 -lgmodule-2.0 -ldl -lglib-2.0   -ltiff -lX11  -L/usr/X11R6/lib   -lSM -lICE -lXext -ljpeg -lpng -lz -lm'
AFTERIMAGE_LIB_LIBS='-L./ -L/usr/local/lib -lAfterBase -lfreetype -lz -Wl,--export-dynamic -lrsvg-2 -lgdk_pixbuf-2.0 -lm -lgobject-2.0 -lgmodule-2.0 -ldl -lglib-2.0   -ltiff -lX11  -L/usr/X11R6/lib   -lSM -lICE -lXext -ljpeg -lpng -lz -lm'
AFTERIMAGE_TEST_LIBS='-L./ -L/usr/local/lib -lAfterImage -lAfterBase -lfreetype -lz -Wl,--export-dynamic -lrsvg-2 -lgdk_pixbuf-2.0 -lm -lgobject-2.0 -lgmodule-2.0 -ldl -lglib-2.0   -ltiff -lX11  -L/usr/X11R6/lib   -lSM -lICE -lXext -ljpeg -lpng -lz -lm'
APPSDEPS='$(APPS_DEPS)'
CC='gcc'
CFLAGS='-O3 -DNO_DEBUG_OUTPUT -fPIC -Wall'
CP='/bin/cp'
CPP='gcc -E'
CPPFLAGS=''
DEFINE_XLOCALE=''
DEFS='-DHAVE_CONFIG_H'
ECHO_C=''
ECHO_N='-n'
ECHO_T=''
EGREP='grep -E'
EXEEXT=''
FIND='/usr/bin/find'
GIF_CFLAGS=''
HAVE_AFTERBASE_FLAG='1'
INSTALL='/usr/bin/install -c'
INSTALL_DATA='${INSTALL} -m 644'
INSTALL_LIB=''
INSTALL_PROGRAM='${INSTALL}'
INSTALL_SCRIPT='${INSTALL}'
JPEG_CFLAGS=''
JPEG_OBJS=''
LDCONFIG='/sbin/ldconfig'
LDFLAGS=' -rdynamic'
LEX=''
LEXLIB=''
LIBINSTALL='install.static'
LIBOBJS=''
LIBPROG='$(LIB_STATIC)'
LIBS=''
LN_S='ln -s'
LTLIBOBJS=''
MKDIR='/bin/mkdir'
MMX_CFLAGS='-mmmx -Winline --param inline-unit-growth=10000 --param large-function-growth=10000'
MV='/bin/mv'
OBJEXT='o'
PACKAGE_BUGREPORT='as-bugs@afterstep.org'
PACKAGE_NAME='libAfterImage'
PACKAGE_STRING='libAfterImage 1.16'
PACKAGE_TARNAME='libAfterImage.tar'
PACKAGE_VERSION='1.16'
PATH_SEPARATOR=':'
PERL='/usr/local/bin/perl'
PKG_CONFIG='/usr/bin/pkg-config'
PNG_CFLAGS=''
PNG_OBJS=''
RANLIB='ranlib'
RM='/bin/rm'
SHELL='/bin/sh'
SVG_CFLAGS='-I/usr/include/librsvg-2 -I/usr/include/glib-2.0 -I/usr/lib/glib-2.0/include -I/usr/include/gtk-2.0  '
SVG_LIBS='-Wl,--export-dynamic -lrsvg-2 -lgdk_pixbuf-2.0 -lm -lgobject-2.0 -lgmodule-2.0 -ldl -lglib-2.0  '
TIFF_CFLAGS=''
TTF_INCLUDES=' -I/usr/include/freetype2'
UNGIF_OBJS='$(LIBUNGIF_OBJS)'
USE_DEFAULT_AFTERBASE='1'
XARGS='/usr/bin/xargs'
XPM_CFLAGS=''
X_CFLAGS=' -I/usr/X11R6/include'
X_EXTRA_LIBS=''
X_LIBS=' -L/usr/X11R6/lib'
X_PRE_LIBS=' -lSM -lICE'
YACC=''
ZLIB_OBJS=''
ac_ct_CC='gcc'
ac_ct_RANLIB='ranlib'
ac_pt_PKG_CONFIG=''
afterimage_x_support='yes'
bindir='${exec_prefix}/bin'
build='i686-pc-linux-gnu'
build_alias=''
build_cpu='i686'
build_os='linux-gnu'
build_vendor='pc'
datadir='${prefix}/share'
exec_prefix='/usr/local'
have_afterbase='yes'
host='i686-pc-linux-gnu'
host_alias=''
host_cpu='i686'
host_os='linux-gnu'
host_vendor='pc'
image_format='png'
includedir='/usr/local/include'
infodir='${prefix}/info'
lib_file_name='libAfterImage'
lib_name='LIBAFTERIMAGE'
libdir='/usr/local/lib'
libexecdir='${exec_prefix}/libexec'
localstatedir='${prefix}/var'
mandir='/usr/local/man'
oldincludedir='/usr/include'
prefix='/usr/local'
program_transform_name='s,x,x,'
sbindir='${exec_prefix}/sbin'
sharedstatedir='${prefix}/com'
sysconfdir='${prefix}/etc'
target_alias=''
user_ldflags=' -rdynamic'
version='1.16'
version_major='1'
with_locale=''
x_libs='-lX11  -L/usr/X11R6/lib   -lSM -lICE -lXext'

## ------------- ##
## Output files. ##
## ------------- ##

LIBAFTERIMAGEFILES='.shared'

## ----------- ##
## confdefs.h. ##
## ----------- ##

#define HAVE_AFTERBASE 1
#define HAVE_BUILTIN_UNGIF 1
#define HAVE_ERRNO_H 1
#define HAVE_FREETYPE 1
#define HAVE_FREETYPE_FREETYPE 1
#define HAVE_FT2BUILD_H 1
#define HAVE_GIF 1
#define HAVE_INTTYPES_H 1
#define HAVE_JPEG 1
#define HAVE_LONG_LONG 1
#define HAVE_MALLOC_H 1
#define HAVE_MEMORY_H 1
#define HAVE_MMX 1
#define HAVE_PNG 1
#define HAVE_PROTOTYPES 1
#define HAVE_STDARG_H 1
#define HAVE_STDDEF_H 1
#define HAVE_STDINT_H 1
#define HAVE_STDLIB_H 1
#define HAVE_STDLIB_H 1
#define HAVE_STRINGS_H 1
#define HAVE_STRING_H 1
#define HAVE_SVG 1
#define HAVE_SYS_STAT_H 1
#define HAVE_SYS_TIME_H 1
#define HAVE_SYS_TYPES_H 1
#define HAVE_SYS_WAIT_H 1
#define HAVE_TIFF 1
#define HAVE_UNISTD_H 1
#define HAVE_UNISTD_H 1
#define HAVE_XPM 1
#define HAVE_ZLIB_H 1
#define PACKAGE_BUGREPORT "as-bugs@afterstep.org"
#define PACKAGE_NAME "libAfterImage"
#define PACKAGE_STRING "libAfterImage 1.16"
#define PACKAGE_TARNAME "libAfterImage.tar"
#define PACKAGE_VERSION "1.16"
#define SHAPE 1
#define STDC_HEADERS 1
#define TIME_WITH_SYS_TIME 1

configure: exit 0
