Writing Hit
Warning in <TClass::TClass>: no dictionary for class crap is available
Warning in <TClass::TClass>: no dictionary for class RootPCnodict is available
Warning in <TStreamerInfo::Build:>: RootCaloHit: RootPCnodict has no streamer or dictionary, data member "mynocell" will not be saved
Warning in <TStreamerInfo::Build:>: RootPCellID: base class crap has no streamer or dictionary it will not be saved
Warning in <TStreamerInfo::WriteBuffer>: The actual class of RootCaloHit::mynocellp is not available. Only the "RootPCellID" part will be written

==>Dumping object, name=RootCaloHit, class=RootCaloHit

energy                        1.1         
time                          1.2         
itra                          2           
mycell.id                     3           
mycell.base[4]                116         
index                         2           
*mycellnull                   ->0         
myobj.obj                     101         
myobj.id                      8           
myobj.base[4]                 111         
myobj.fUniqueID               0           object unique identifier
myobj.fBits                   50331648    bit field status word
myobj2.obj                    102         
myobj2.fUniqueID              0           object unique identifier
myobj2.fBits                  50331648    bit field status word
myobj2.id                     9           
myobj2.base[4]                111         
fUniqueID                     0           object unique identifier
fBits                         50331648    bit field status word
base 	t e s t 
id 	3
base 	n o d i 
id 	7
nodict 	55
base 	f i x 1 
id 	4
fix 	33
base 	v i r t 
id 	5
virt 	44
base 	n o d i 
id 	8
nodict 	55
base 	t e s t 
id 	4
base 	t e s t 
id 	5
base 	t e s t 
id 	6
base 	t e m p 
id 	0
templated 	66
base 	t e m p 
id 	1
templated 	66
base 	t e m p 
id 	2
templated 	66
base 	t e m p 
id 	3
templated 	66
base 	v i r t 
id 	0
virt 	44
base 	f i x 1 
id 	1
fix 	33
base 	o b j 1 
id 	8
obj 	101
base 	o b j 2 
id 	9
obj 	102
base 	o b j 1 
id 	10
obj 	101
base 	o b j 2 
id 	11
obj 	102
base 	o b j 1 
id 	12
obj 	101
base 	o b j 2 
id 	13
obj 	102
base 	o b j 1 
id 	14
obj 	101
base 	o b j 2 
id 	15
obj 	102
base 	o b j 1 
id 	16
obj 	101
base 	o b j 2 
id 	17
obj 	102
base 	o b j 1 
id 	18
obj 	101
base 	o b j 2 
id 	19
obj 	102
base 	o b j 1 
id 	20
obj 	101
base 	o b j 2 
id 	21
obj 	102
base 	o b j 1 
id 	22
obj 	101
base 	o b j 2 
id 	23
obj 	102

Reading Hit
==>Dumping object, name=RootCaloHit, class=RootCaloHit

energy                        1.1         
time                          1.2         
itra                          2           
mycell.id                     3           
mycell.base[4]                116         
index                         2           
*myArrVar                     ->0         ! WAITING on Vicktor's implementation [index]
*mycellnull                   ->0         
myobj.obj                     101         
myobj.id                      8           
myobj.base[4]                 111         
myobj.fUniqueID               0           object unique identifier
myobj.fBits                   50331648    bit field status word
myobj2.obj                    102         
myobj2.fUniqueID              0           object unique identifier
myobj2.fBits                  50331648    bit field status word
myobj2.id                     9           
myobj2.base[4]                111         
fUniqueID                     0           object unique identifier
fBits                         50331648    bit field status word
base 	t e s t 
id 	3
base 	n o n e 
id 	0
nodict 	0
base 	f i x 1 
id 	4
fix 	33
base 	v i r t 
id 	5
virt 	44
base 	n o d i 
id 	8
base 	t e s t 
id 	4
base 	t e s t 
id 	5
base 	t e s t 
id 	6
base 	t e m p 
id 	0
templated 	66
base 	t e m p 
id 	1
templated 	66
base 	t e m p 
id 	2
templated 	66
base 	t e m p 
id 	3
templated 	66
base 	o b j 1 
id 	8
obj 	101
base 	o b j 2 
id 	9
obj 	102
base 	o b j 1 
id 	10
obj 	101
base 	o b j 2 
id 	11
obj 	102
base 	o b j 1 
id 	12
obj 	101
base 	o b j 2 
id 	13
obj 	102
base 	o b j 1 
id 	14
obj 	101
base 	o b j 2 
id 	15
obj 	102
base 	o b j 1 
id 	16
obj 	101
base 	o b j 2 
id 	17
obj 	102
base 	o b j 1 
id 	18
obj 	101
base 	o b j 2 
id 	19
obj 	102
base 	o b j 1 
id 	20
obj 	101
base 	o b j 2 
id 	21
obj 	102
base 	o b j 1 
id 	22
obj 	101
base 	o b j 2 
id 	23
obj 	102

Writing Data
Warning in <TStreamerInfo::WriteBuffer>: The actual class of RootCaloHit::mynocellp is not available. Only the "RootPCellID" part will be written

==>Dumping object, name=RootCaloHit, class=RootCaloHit

energy                        1.1         
time                          1.2         
itra                          2           
mycell.id                     3           
mycell.base[4]                116         
index                         2           
*mycellnull                   ->0         
myobj.obj                     101         
myobj.id                      8           
myobj.base[4]                 111         
myobj.fUniqueID               0           object unique identifier
myobj.fBits                   50331648    bit field status word
myobj2.obj                    102         
myobj2.fUniqueID              0           object unique identifier
myobj2.fBits                  50331648    bit field status word
myobj2.id                     9           
myobj2.base[4]                111         
fUniqueID                     0           object unique identifier
fBits                         50331648    bit field status word
base 	t e s t 
id 	3
base 	n o d i 
id 	7
nodict 	55
base 	f i x 1 
id 	4
fix 	33
base 	v i r t 
id 	5
virt 	44
base 	n o d i 
id 	8
nodict 	55
base 	t e s t 
id 	4
base 	t e s t 
id 	5
base 	t e s t 
id 	6
base 	t e m p 
id 	0
templated 	66
base 	t e m p 
id 	1
templated 	66
base 	t e m p 
id 	2
templated 	66
base 	t e m p 
id 	3
templated 	66
base 	v i r t 
id 	0
virt 	44
base 	f i x 1 
id 	1
fix 	33
base 	o b j 1 
id 	8
obj 	101
base 	o b j 2 
id 	9
obj 	102
base 	o b j 1 
id 	10
obj 	101
base 	o b j 2 
id 	11
obj 	102
base 	o b j 1 
id 	12
obj 	101
base 	o b j 2 
id 	13
obj 	102
base 	o b j 1 
id 	14
obj 	101
base 	o b j 2 
id 	15
obj 	102
base 	o b j 1 
id 	16
obj 	101
base 	o b j 2 
id 	17
obj 	102
base 	o b j 1 
id 	18
obj 	101
base 	o b j 2 
id 	19
obj 	102
base 	o b j 1 
id 	20
obj 	101
base 	o b j 2 
id 	21
obj 	102
base 	o b j 1 
id 	22
obj 	101
base 	o b j 2 
id 	23
obj 	102

Reading Data
==>Dumping object, name=RootCaloHit, class=RootCaloHit

energy                        1.1         
time                          1.2         
itra                          2           
mycell.id                     3           
mycell.base[4]                116         
index                         2           
*myArrVar                     ->0         ! WAITING on Vicktor's implementation [index]
*mycellnull                   ->0         
myobj.obj                     101         
myobj.id                      8           
myobj.base[4]                 111         
myobj.fUniqueID               0           object unique identifier
myobj.fBits                   50331648    bit field status word
myobj2.obj                    102         
myobj2.fUniqueID              0           object unique identifier
myobj2.fBits                  50331648    bit field status word
myobj2.id                     9           
myobj2.base[4]                111         
fUniqueID                     0           object unique identifier
fBits                         50331648    bit field status word
base 	t e s t 
id 	3
base 	n o n e 
id 	0
nodict 	0
base 	f i x 1 
id 	4
fix 	33
base 	v i r t 
id 	5
virt 	44
base 	n o d i 
id 	8
base 	t e s t 
id 	4
base 	t e s t 
id 	5
base 	t e s t 
id 	6
base 	t e m p 
id 	0
templated 	66
base 	t e m p 
id 	1
templated 	66
base 	t e m p 
id 	2
templated 	66
base 	t e m p 
id 	3
templated 	66
base 	o b j 1 
id 	8
obj 	101
base 	o b j 2 
id 	9
obj 	102
base 	o b j 1 
id 	10
obj 	101
base 	o b j 2 
id 	11
obj 	102
base 	o b j 1 
id 	12
obj 	101
base 	o b j 2 
id 	13
obj 	102
base 	o b j 1 
id 	14
obj 	101
base 	o b j 2 
id 	15
obj 	102
base 	o b j 1 
id 	16
obj 	101
base 	o b j 2 
id 	17
obj 	102
base 	o b j 1 
id 	18
obj 	101
base 	o b j 2 
id 	19
obj 	102
base 	o b j 1 
id 	20
obj 	101
base 	o b j 2 
id 	21
obj 	102
base 	o b j 1 
id 	22
obj 	101
base 	o b j 2 
id 	23
obj 	102

Writing multiple inherited objects
base 	o b j 1 
id 	110
obj 	101
base 	o b j 2 
id 	111
obj 	102
Reading multiple inherited objects with old methods
base 	o b j 2 
id 	111
obj 	102
Reading multiple inherited objects with new methods
base 	o b j 1 
id 	110
obj 	101
base 	o b j 2 
id 	111
obj 	102
Reading multiple inherited objects with newer methods

StreamerInfo for class: RootCaloHit, version=1
  TObject       BASE            offset=  0 type=66 Basic ROOT object   
  float         energy          offset= 12 type= 5                     
  float         time            offset= 16 type= 5                     
  int           itra            offset= 20 type= 3                     
  RootPCellID   mycell          offset= 24 type=62                     
  RootPCellID   myArr[3]        offset= 36 type=82                     
  RootPCtemp<int>*myArrFix[4]     offset= 72 type=69                     
  int           index           offset= 88 type= 3                     
  RootPCnodict  mynocell        offset= 96 type=62                     
  RootPCellID*  mycellnull      offset=112 type=69                     
  RootPCellID*  mycellfix       offset=116 type=69                     
  RootPCellID*  mycellvirt      offset=120 type=69                     
  RootPCellID*  mynocellp       offset=124 type=69                     
  RootPCobject  myobj           offset=128 type=61                     
  RootPCobject2 myobj2          offset=156 type=61                     
  RootPCellID*  myobjp          offset=184 type=69                     
  RootPCellID*  myobj2p         offset=188 type=69                     
  RootPCobject* myobjSt         offset=192 type=63 ->                  
  RootPCobject2*myobj2St        offset=196 type=63 ->                  
  TObject*      mytobjp         offset=200 type=64                     
  TObject*      mytobj2p        offset=204 type=64                     
  TObject*      mytobjSt        offset=208 type=63 ->                  
  TObject*      mytobj2St       offset=212 type=63 ->                  
  RootPCobject* myobjdp         offset=216 type=64                     
  RootPCobject2*myobj2dp        offset=220 type=64                     
  RootPCobject  myobjarr[2]     offset=224 type=81                     
  RootPCobject2 myobjarr2[2]    offset=280 type=81                     
   i= 0, TObject         type= 66, offset=  0, len=1, method=0
   i= 1, energy          type=  5, offset= 12, len=1, method=0
   i= 2, time            type=  5, offset= 16, len=1, method=0
   i= 3, itra            type=  3, offset= 20, len=1, method=0
   i= 4, mycell          type= 62, offset= 24, len=1, method=0
   i= 5, myArr           type= 82, offset= 36, len=3, method=0
   i= 6, myArrFix        type= 69, offset= 72, len=4, method=0
   i= 7, index           type=  3, offset= 88, len=1, method=0
   i= 8, mynocell        type= 62, offset= 96, len=1, method=0
   i= 9, mycellnull      type= 69, offset=112, len=1, method=0
   i=10, mycellfix       type= 69, offset=116, len=1, method=0
   i=11, mycellvirt      type= 69, offset=120, len=1, method=0
   i=12, mynocellp       type= 69, offset=124, len=1, method=0
   i=13, myobj           type= 61, offset=128, len=1, method=4216827
   i=14, myobj2          type= 61, offset=156, len=1, method=4216904
   i=15, myobjp          type= 69, offset=184, len=1, method=0
   i=16, myobj2p         type= 69, offset=188, len=1, method=0
   i=17, myobjSt         type= 63, offset=192, len=1, method=4216973
   i=18, myobj2St        type= 63, offset=196, len=1, method=4217058
   i=19, mytobjp         type= 64, offset=200, len=1, method=4217135
   i=20, mytobj2p        type= 64, offset=204, len=1, method=4217202
   i=21, mytobjSt        type= 63, offset=208, len=1, method=4217269
   i=22, mytobj2St       type= 63, offset=212, len=1, method=4217346
   i=23, myobjdp         type= 64, offset=216, len=1, method=4217423
   i=24, myobj2dp        type= 64, offset=220, len=1, method=4217518
   i=25, myobjarr        type= 81, offset=224, len=2, method=4217585
   i=26, myobjarr2       type= 81, offset=280, len=2, method=4217744
