This file contains any messages produced by compilers while
running configure, to aid debugging if configure makes a mistake.

It was created by FreeType configure 2.12.1, which was
generated by GNU Autoconf 2.71.  Invocation command line was

  $ ./configure --prefix /home/runner/work/root/root/build/FREETYPE-prefix --with-pic --disable-shared --with-png=no --with-bzip2=no --with-harfbuzz=no --with-brotli=no CC=/usr/bin/cc CFLAGS=-O

## --------- ##
## Platform. ##
## --------- ##

hostname = pkrvmubgrv54qmi
uname -m = x86_64
uname -r = 6.11.0-1018-azure
uname -s = Linux
uname -v = #18~24.04.1-Ubuntu SMP Sat Jun 28 04:46:03 UTC 2025

/usr/bin/uname -p = x86_64
/bin/uname -X     = unknown

/bin/arch              = x86_64
/usr/bin/arch -k       = unknown
/usr/convex/getsysinfo = unknown
/usr/bin/hostinfo      = unknown
/bin/machine           = unknown
/usr/bin/oslevel       = unknown
/bin/universe          = unknown

PATH: /snap/bin/
PATH: /home/runner/.local/bin/
PATH: /opt/pipx_bin/
PATH: /home/runner/.cargo/bin/
PATH: /home/runner/.config/composer/vendor/bin/
PATH: /usr/local/.ghcup/bin/
PATH: /home/runner/.dotnet/tools/
PATH: /usr/local/sbin/
PATH: /usr/local/bin/
PATH: /usr/sbin/
PATH: /usr/bin/
PATH: /sbin/
PATH: /bin/
PATH: /usr/games/
PATH: /usr/local/games/
PATH: /snap/bin/


## ----------- ##
## Core tests. ##
## ----------- ##

configure:2580: looking for aux files: install-sh ltmain.sh config.guess config.sub
configure:2593:  trying ./
configure:2604:   ./install-sh found
configure:2622:   ./ltmain.sh found
configure:2622:   ./config.guess found
configure:2622:   ./config.sub found
configure:2753: checking build system type
configure:2768: result: x86_64-pc-linux-gnu
configure:2788: checking host system type
configure:2802: result: x86_64-pc-linux-gnu
configure:2888: checking for gcc
configure:2920: result: /usr/bin/cc
configure:3273: checking for C compiler version
configure:3282: /usr/bin/cc --version >&5
cc (Ubuntu 13.3.0-6ubuntu2~24.04) 13.3.0
Copyright (C) 2023 Free Software Foundation, Inc.
This is free software; see the source for copying conditions.  There is NO
warranty; not even for MERCHANTABILITY or FITNESS FOR A PARTICULAR PURPOSE.

configure:3293: $? = 0
configure:3282: /usr/bin/cc -v >&5
Using built-in specs.
COLLECT_GCC=/usr/bin/cc
COLLECT_LTO_WRAPPER=/usr/libexec/gcc/x86_64-linux-gnu/13/lto-wrapper
OFFLOAD_TARGET_NAMES=nvptx-none:amdgcn-amdhsa
OFFLOAD_TARGET_DEFAULT=1
Target: x86_64-linux-gnu
Configured with: ../src/configure -v --with-pkgversion='Ubuntu 13.3.0-6ubuntu2~24.04' --with-bugurl=file:///usr/share/doc/gcc-13/README.Bugs --enable-languages=c,ada,c++,go,d,fortran,objc,obj-c++,m2 --prefix=/usr --with-gcc-major-version-only --program-suffix=-13 --program-prefix=x86_64-linux-gnu- --enable-shared --enable-linker-build-id --libexecdir=/usr/libexec --without-included-gettext --enable-threads=posix --libdir=/usr/lib --enable-nls --enable-bootstrap --enable-clocale=gnu --enable-libstdcxx-debug --enable-libstdcxx-time=yes --with-default-libstdcxx-abi=new --enable-libstdcxx-backtrace --enable-gnu-unique-object --disable-vtable-verify --enable-plugin --enable-default-pie --with-system-zlib --enable-libphobos-checking=release --with-target-system-zlib=auto --enable-objc-gc=auto --enable-multiarch --disable-werror --enable-cet --with-arch-32=i686 --with-abi=m64 --with-multilib-list=m32,m64,mx32 --enable-multilib --with-tune=generic --enable-offload-targets=nvptx-none=/build/gcc-13-fG75Ri/gcc-13-13.3.0/debian/tmp-nvptx/usr,amdgcn-amdhsa=/build/gcc-13-fG75Ri/gcc-13-13.3.0/debian/tmp-gcn/usr --enable-offload-defaulted --without-cuda-driver --enable-checking=release --build=x86_64-linux-gnu --host=x86_64-linux-gnu --target=x86_64-linux-gnu --with-build-config=bootstrap-lto-lean --enable-link-serialization=2
Thread model: posix
Supported LTO compression algorithms: zlib zstd
gcc version 13.3.0 (Ubuntu 13.3.0-6ubuntu2~24.04) 
... rest of stderr output deleted ...
configure:3293: $? = 0
configure:3282: /usr/bin/cc -V >&5
cc: error: unrecognized command-line option '-V'
cc: fatal error: no input files
compilation terminated.
configure:3293: $? = 1
configure:3282: /usr/bin/cc -qversion >&5
cc: error: unrecognized command-line option '-qversion'; did you mean '--version'?
cc: fatal error: no input files
compilation terminated.
configure:3293: $? = 1
configure:3282: /usr/bin/cc -version >&5
cc: error: unrecognized command-line option '-version'
cc: fatal error: no input files
compilation terminated.
configure:3293: $? = 1
configure:3313: checking whether the C compiler works
configure:3335: /usr/bin/cc -O   conftest.c  >&5
configure:3339: $? = 0
configure:3389: result: yes
configure:3392: checking for C compiler default output file name
configure:3394: result: a.out
configure:3400: checking for suffix of executables
configure:3407: /usr/bin/cc -o conftest -O   conftest.c  >&5
configure:3411: $? = 0
configure:3434: result: 
configure:3456: checking whether we are cross compiling
configure:3464: /usr/bin/cc -o conftest -O   conftest.c  >&5
configure:3468: $? = 0
configure:3475: ./conftest
configure:3479: $? = 0
configure:3494: result: no
configure:3499: checking for suffix of object files
configure:3522: /usr/bin/cc -c -O  conftest.c >&5
configure:3526: $? = 0
configure:3548: result: o
configure:3552: checking whether the compiler supports GNU C
configure:3572: /usr/bin/cc -c -O  conftest.c >&5
configure:3572: $? = 0
configure:3582: result: yes
configure:3593: checking whether /usr/bin/cc accepts -g
configure:3614: /usr/bin/cc -c -g  conftest.c >&5
configure:3614: $? = 0
configure:3658: result: yes
configure:3678: checking for /usr/bin/cc option to enable C11 features
configure:3693: /usr/bin/cc  -c -O  conftest.c >&5
configure:3693: $? = 0
configure:3711: result: none needed
configure:3826: checking how to run the C preprocessor
configure:3852: /usr/bin/cc -E  conftest.c
configure:3852: $? = 0
configure:3867: /usr/bin/cc -E  conftest.c
conftest.c:9:10: fatal error: ac_nonexistent.h: No such file or directory
    9 | #include <ac_nonexistent.h>
      |          ^~~~~~~~~~~~~~~~~~
compilation terminated.
configure:3867: $? = 1
configure: failed program was:
| /* confdefs.h */
| #define PACKAGE_NAME "FreeType"
| #define PACKAGE_TARNAME "freetype"
| #define PACKAGE_VERSION "2.12.1"
| #define PACKAGE_STRING "FreeType 2.12.1"
| #define PACKAGE_BUGREPORT "freetype@nongnu.org"
| #define PACKAGE_URL ""
| /* end confdefs.h.  */
| #include <ac_nonexistent.h>
configure:3894: result: /usr/bin/cc -E
configure:3908: /usr/bin/cc -E  conftest.c
configure:3908: $? = 0
configure:3923: /usr/bin/cc -E  conftest.c
conftest.c:9:10: fatal error: ac_nonexistent.h: No such file or directory
    9 | #include <ac_nonexistent.h>
      |          ^~~~~~~~~~~~~~~~~~
compilation terminated.
configure:3923: $? = 1
configure: failed program was:
| /* confdefs.h */
| #define PACKAGE_NAME "FreeType"
| #define PACKAGE_TARNAME "freetype"
| #define PACKAGE_VERSION "2.12.1"
| #define PACKAGE_STRING "FreeType 2.12.1"
| #define PACKAGE_BUGREPORT "freetype@nongnu.org"
| #define PACKAGE_URL ""
| /* end confdefs.h.  */
| #include <ac_nonexistent.h>
configure:4014: checking for pkg-config
configure:4037: found /usr/bin/pkg-config
configure:4049: result: /usr/bin/pkg-config
configure:4074: checking pkg-config is at least version 0.24
configure:4077: result: yes
configure:4134: checking how to print strings
configure:4161: result: printf
configure:4182: checking for a sed that does not truncate output
configure:4252: result: /usr/bin/sed
configure:4270: checking for grep that handles long lines and -e
configure:4334: result: /usr/bin/grep
configure:4339: checking for egrep
configure:4407: result: /usr/bin/grep -E
configure:4412: checking for fgrep
configure:4480: result: /usr/bin/grep -F
configure:4516: checking for ld used by /usr/bin/cc
configure:4584: result: /usr/bin/ld
configure:4591: checking if the linker (/usr/bin/ld) is GNU ld
configure:4607: result: yes
configure:4619: checking for BSD- or MS-compatible name lister (nm)
configure:4674: result: /usr/bin/nm -B
configure:4814: checking the name lister (/usr/bin/nm -B) interface
configure:4822: /usr/bin/cc -c -O  conftest.c >&5
configure:4825: /usr/bin/nm -B "conftest.o"
configure:4828: output
0000000000000000 B some_variable
configure:4835: result: BSD nm
configure:4838: checking whether ln -s works
configure:4842: result: yes
configure:4850: checking the maximum length of command line arguments
configure:4982: result: 3145728
configure:5030: checking how to convert x86_64-pc-linux-gnu file names to x86_64-pc-linux-gnu format
configure:5071: result: func_convert_file_noop
configure:5078: checking how to convert x86_64-pc-linux-gnu file names to toolchain format
configure:5099: result: func_convert_file_noop
configure:5106: checking for /usr/bin/ld option to reload object files
configure:5114: result: -r
configure:5193: checking for file
configure:5214: found /usr/bin/file
configure:5225: result: file
configure:5301: checking for objdump
configure:5322: found /usr/bin/objdump
configure:5333: result: objdump
configure:5362: checking how to recognize dependent libraries
configure:5563: result: pass_all
configure:5653: checking for dlltool
configure:5688: result: no
configure:5715: checking how to associate runtime and link libraries
configure:5743: result: printf %s\n
configure:5809: checking for ar
configure:5830: found /usr/bin/ar
configure:5841: result: ar
configure:5894: checking for archiver @FILE support
configure:5912: /usr/bin/cc -c -O  conftest.c >&5
configure:5912: $? = 0
configure:5916: ar cr libconftest.a @conftest.lst >&5
configure:5919: $? = 0
configure:5924: ar cr libconftest.a @conftest.lst >&5
ar: conftest.o: No such file or directory
configure:5927: $? = 1
configure:5939: result: @
configure:6002: checking for strip
configure:6023: found /usr/bin/strip
configure:6034: result: strip
configure:6111: checking for ranlib
configure:6132: found /usr/bin/ranlib
configure:6143: result: ranlib
configure:6220: checking for gawk
configure:6241: found /usr/bin/gawk
configure:6252: result: gawk
configure:6292: checking command to parse /usr/bin/nm -B output from /usr/bin/cc object
configure:6446: /usr/bin/cc -c -O  conftest.c >&5
configure:6449: $? = 0
configure:6453: /usr/bin/nm -B conftest.o \| /usr/bin/sed -n -e 's/^.*[ ]\([ABCDGIRSTW][ABCDGIRSTW]*\)[ ][ ]*\([_A-Za-z][_A-Za-z0-9]*\)$/\1 \2 \2/p' | /usr/bin/sed '/ __gnu_lto/d' \> conftest.nm
configure:6456: $? = 0
configure:6522: /usr/bin/cc -o conftest -O   conftest.c conftstm.o >&5
configure:6525: $? = 0
configure:6563: result: ok
configure:6610: checking for sysroot
configure:6641: result: no
configure:6648: checking for a working dd
configure:6692: result: /usr/bin/dd
configure:6696: checking how to truncate binary pipes
configure:6712: result: /usr/bin/dd bs=4096 count=1
configure:6849: /usr/bin/cc -c -O  conftest.c >&5
configure:6852: $? = 0
configure:7049: checking for mt
configure:7070: found /usr/bin/mt
configure:7081: result: mt
configure:7104: checking if mt is a manifest tool
configure:7111: mt '-?'
configure:7119: result: no
configure:7844: checking for stdio.h
configure:7844: /usr/bin/cc -c -O  conftest.c >&5
configure:7844: $? = 0
configure:7844: result: yes
configure:7844: checking for stdlib.h
configure:7844: /usr/bin/cc -c -O  conftest.c >&5
configure:7844: $? = 0
configure:7844: result: yes
configure:7844: checking for string.h
configure:7844: /usr/bin/cc -c -O  conftest.c >&5
configure:7844: $? = 0
configure:7844: result: yes
configure:7844: checking for inttypes.h
configure:7844: /usr/bin/cc -c -O  conftest.c >&5
configure:7844: $? = 0
configure:7844: result: yes
configure:7844: checking for stdint.h
configure:7844: /usr/bin/cc -c -O  conftest.c >&5
configure:7844: $? = 0
configure:7844: result: yes
configure:7844: checking for strings.h
configure:7844: /usr/bin/cc -c -O  conftest.c >&5
configure:7844: $? = 0
configure:7844: result: yes
configure:7844: checking for sys/stat.h
configure:7844: /usr/bin/cc -c -O  conftest.c >&5
configure:7844: $? = 0
configure:7844: result: yes
configure:7844: checking for sys/types.h
configure:7844: /usr/bin/cc -c -O  conftest.c >&5
configure:7844: $? = 0
configure:7844: result: yes
configure:7844: checking for unistd.h
configure:7844: /usr/bin/cc -c -O  conftest.c >&5
configure:7844: $? = 0
configure:7844: result: yes
configure:7844: checking for sys/param.h
configure:7844: /usr/bin/cc -c -O  conftest.c >&5
configure:7844: $? = 0
configure:7844: result: yes
configure:7869: checking for dlfcn.h
configure:7869: /usr/bin/cc -c -O  conftest.c >&5
configure:7869: $? = 0
configure:7869: result: yes
configure:8456: checking for objdir
configure:8472: result: .libs
configure:8732: checking if /usr/bin/cc supports -fno-rtti -fno-exceptions
configure:8751: /usr/bin/cc -c -O  -fno-rtti -fno-exceptions conftest.c >&5
cc1: warning: command-line option '-fno-rtti' is valid for C++/D/ObjC++ but not for C
configure:8755: $? = 0
configure:8768: result: no
configure:9126: checking for /usr/bin/cc option to produce PIC
configure:9134: result: -fPIC -DPIC
configure:9142: checking if /usr/bin/cc PIC flag -fPIC -DPIC works
configure:9161: /usr/bin/cc -c -O  -fPIC -DPIC -DPIC conftest.c >&5
configure:9165: $? = 0
configure:9178: result: yes
configure:9207: checking if /usr/bin/cc static flag -static works
configure:9236: result: yes
configure:9251: checking if /usr/bin/cc supports -c -o file.o
configure:9273: /usr/bin/cc -c -O  -o out/conftest2.o conftest.c >&5
configure:9277: $? = 0
configure:9299: result: yes
configure:9307: checking if /usr/bin/cc supports -c -o file.o
configure:9355: result: yes
configure:9388: checking whether the /usr/bin/cc linker (/usr/bin/ld -m elf_x86_64) supports shared libraries
configure:10656: result: yes
configure:10897: checking dynamic linker characteristics
configure:11479: /usr/bin/cc -o conftest -O   -Wl,-rpath -Wl,/foo conftest.c  >&5
configure:11479: $? = 0
configure:11718: result: GNU/Linux ld.so
configure:11840: checking how to hardcode library paths into programs
configure:11865: result: immediate
configure:12417: checking whether stripping libraries is possible
configure:12426: result: yes
configure:12468: checking if libtool supports shared libraries
configure:12470: result: yes
configure:12473: checking whether to build shared libraries
configure:12498: result: no
configure:12501: checking whether to build static libraries
configure:12505: result: yes
configure:12542: checking for windows.h
configure:12542: /usr/bin/cc -c -O  conftest.c >&5
conftest.c:50:10: fatal error: windows.h: No such file or directory
   50 | #include <windows.h>
      |          ^~~~~~~~~~~
compilation terminated.
configure:12542: $? = 1
configure: failed program was:
| /* confdefs.h */
| #define PACKAGE_NAME "FreeType"
| #define PACKAGE_TARNAME "freetype"
| #define PACKAGE_VERSION "2.12.1"
| #define PACKAGE_STRING "FreeType 2.12.1"
| #define PACKAGE_BUGREPORT "freetype@nongnu.org"
| #define PACKAGE_URL ""
| #define HAVE_STDIO_H 1
| #define HAVE_STDLIB_H 1
| #define HAVE_STRING_H 1
| #define HAVE_INTTYPES_H 1
| #define HAVE_STDINT_H 1
| #define HAVE_STRINGS_H 1
| #define HAVE_SYS_STAT_H 1
| #define HAVE_SYS_TYPES_H 1
| #define HAVE_UNISTD_H 1
| #define HAVE_SYS_PARAM_H 1
| #define STDC_HEADERS 1
| #define HAVE_DLFCN_H 1
| #define LT_OBJDIR ".libs/"
| /* end confdefs.h.  */
| #include <stddef.h>
| #ifdef HAVE_STDIO_H
| # include <stdio.h>
| #endif
| #ifdef HAVE_STDLIB_H
| # include <stdlib.h>
| #endif
| #ifdef HAVE_STRING_H
| # include <string.h>
| #endif
| #ifdef HAVE_INTTYPES_H
| # include <inttypes.h>
| #endif
| #ifdef HAVE_STDINT_H
| # include <stdint.h>
| #endif
| #ifdef HAVE_STRINGS_H
| # include <strings.h>
| #endif
| #ifdef HAVE_SYS_TYPES_H
| # include <sys/types.h>
| #endif
| #ifdef HAVE_SYS_STAT_H
| # include <sys/stat.h>
| #endif
| #ifdef HAVE_UNISTD_H
| # include <unistd.h>
| #endif
| #include <windows.h>
configure:12542: result: no
configure:12921: checking for a BSD-compatible install
configure:12994: result: /usr/bin/install -c
configure:13014: checking for a race-free mkdir -p
configure:13058: result: /usr/bin/mkdir -p
configure:13072: checking for fcntl.h
configure:13072: /usr/bin/cc -c -O  conftest.c >&5
configure:13072: $? = 0
configure:13072: result: yes
configure:13078: checking for unistd.h
configure:13078: result: yes
configure:13089: checking for an ANSI C-conforming const
configure:13156: /usr/bin/cc -c -O  conftest.c >&5
configure:13156: $? = 0
configure:13164: result: yes
configure:13199: checking for special C compiler options needed for large files
configure:13247: result: no
configure:13253: checking for _FILE_OFFSET_BITS value needed for large files
configure:13279: /usr/bin/cc -c -O  conftest.c >&5
configure:13279: $? = 0
configure:13313: result: no
configure:13424: checking for getpagesize
configure:13424: /usr/bin/cc -o conftest -O   conftest.c  >&5
configure:13424: $? = 0
configure:13424: result: yes
configure:13435: checking for working mmap
configure:13587: /usr/bin/cc -o conftest -O   conftest.c  >&5
configure:13587: $? = 0
configure:13587: ./conftest
configure:13587: $? = 0
configure:13598: result: yes
configure:13610: checking for /usr/bin/cc options needed to detect all undeclared functions
configure:13632: /usr/bin/cc -c -O   conftest.c >&5
conftest.c: In function 'main':
conftest.c:30:8: error: 'strchr' undeclared (first use in this function)
   30 | (void) strchr;
      |        ^~~~~~
conftest.c:1:1: note: 'strchr' is defined in header '<string.h>'; did you forget to '#include <string.h>'?
    1 | /* confdefs.h */
conftest.c:30:8: note: each undeclared identifier is reported only once for each function it appears in
   30 | (void) strchr;
      |        ^~~~~~
configure:13632: $? = 1
configure: failed program was:
| /* confdefs.h */
| #define PACKAGE_NAME "FreeType"
| #define PACKAGE_TARNAME "freetype"
| #define PACKAGE_VERSION "2.12.1"
| #define PACKAGE_STRING "FreeType 2.12.1"
| #define PACKAGE_BUGREPORT "freetype@nongnu.org"
| #define PACKAGE_URL ""
| #define HAVE_STDIO_H 1
| #define HAVE_STDLIB_H 1
| #define HAVE_STRING_H 1
| #define HAVE_INTTYPES_H 1
| #define HAVE_STDINT_H 1
| #define HAVE_STRINGS_H 1
| #define HAVE_SYS_STAT_H 1
| #define HAVE_SYS_TYPES_H 1
| #define HAVE_UNISTD_H 1
| #define HAVE_SYS_PARAM_H 1
| #define STDC_HEADERS 1
| #define HAVE_DLFCN_H 1
| #define LT_OBJDIR ".libs/"
| #define HAVE_FCNTL_H 1
| #define HAVE_UNISTD_H 1
| #define HAVE_GETPAGESIZE 1
| #define HAVE_MMAP 1
| /* end confdefs.h.  */
| 
| int
| main (void)
| {
| (void) strchr;
|   ;
|   return 0;
| }
configure:13659: /usr/bin/cc -c -O   conftest.c >&5
configure:13659: $? = 0
configure:13676: result: none needed
configure:13690: checking whether munmap is declared
configure:13690: /usr/bin/cc -c -O   conftest.c >&5
configure:13690: $? = 0
configure:13690: result: yes
configure:13708: checking for munmap's first parameter type
configure:13722: /usr/bin/cc -c -O  conftest.c >&5
configure:13722: $? = 0
configure:13724: result: void *
configure:13746: checking for memcpy
configure:13746: /usr/bin/cc -o conftest -O   conftest.c  >&5
conftest.c:44:6: warning: conflicting types for built-in function 'memcpy'; expected 'void *(void *, const void *, long unsigned int)' [-Wbuiltin-declaration-mismatch]
   44 | char memcpy ();
      |      ^~~~~~
conftest.c:36:1: note: 'memcpy' is declared in header '<string.h>'
   35 | #include <limits.h>
   36 | #undef memcpy
configure:13746: $? = 0
configure:13746: result: yes
configure:13752: checking for memmove
configure:13752: /usr/bin/cc -o conftest -O   conftest.c  >&5
conftest.c:45:6: warning: conflicting types for built-in function 'memmove'; expected 'void *(void *, const void *, long unsigned int)' [-Wbuiltin-declaration-mismatch]
   45 | char memmove ();
      |      ^~~~~~~
conftest.c:37:1: note: 'memmove' is declared in header '<string.h>'
   36 | #include <limits.h>
   37 | #undef memmove
configure:13752: $? = 0
configure:13752: result: yes
configure:13782: checking /usr/bin/cc compiler flag -pedantic to assure ANSI C99 works correctly
configure:13809: /usr/bin/cc -c -O  -pedantic  conftest.c >&5
configure:13809: $? = 0
configure:13811: result: ok, adding to XX_ANSIFLAGS
configure:13782: checking /usr/bin/cc compiler flag -std=c99 to assure ANSI C99 works correctly
configure:13809: /usr/bin/cc -c -O  -pedantic -std=c99  conftest.c >&5
configure:13809: $? = 0
configure:13811: result: ok, adding to XX_ANSIFLAGS
configure:13845: checking for -fvisibility=hidden compiler flag
configure:13860: /usr/bin/cc -o conftest -O -fvisibility=hidden   conftest.c  >&5
configure:13860: $? = 0
configure:13863: result: yes
configure:13938: $PKG_CONFIG --exists --print-errors "$zlib_pkg"
configure:13941: $? = 0
configure:13948: checking for ZLIB
configure:13955: $PKG_CONFIG --exists --print-errors "$zlib_pkg"
configure:13958: $? = 0
configure:13972: $PKG_CONFIG --exists --print-errors "$zlib_pkg"
configure:13975: $? = 0
configure:14013: result: yes
configure:14665: checking for library containing clock_gettime
configure:14695: /usr/bin/cc -o conftest -O -fvisibility=hidden   conftest.c  >&5
configure:14695: $? = 0
configure:14715: result: none required
configure:14744: checking for LIBRSVG
configure:14751: $PKG_CONFIG --exists --print-errors "librsvg-2.0 >= 2.46.0"
Package librsvg-2.0 was not found in the pkg-config search path.
Perhaps you should add the directory containing `librsvg-2.0.pc'
to the PKG_CONFIG_PATH environment variable
Package 'librsvg-2.0', required by 'virtual:world', not found
configure:14754: $? = 1
configure:14768: $PKG_CONFIG --exists --print-errors "librsvg-2.0 >= 2.46.0"
Package librsvg-2.0 was not found in the pkg-config search path.
Perhaps you should add the directory containing `librsvg-2.0.pc'
to the PKG_CONFIG_PATH environment variable
Package 'librsvg-2.0', required by 'virtual:world', not found
configure:14771: $? = 1
configure:14785: result: no
Package 'librsvg-2.0', required by 'virtual:world', not found
configure:15421: checking target system type
configure:15435: result: x86_64-pc-linux-gnu
configure:15622: checking whether /usr/bin/cc is Clang
configure:15649: result: no
configure:15714: checking whether pthreads work with "-pthread" and "-lpthread"
configure:15825: /usr/bin/cc -o conftest -O -fvisibility=hidden -pthread   conftest.c -lpthread  >&5
configure:15825: $? = 0
configure:15835: result: yes
configure:15958: checking for joinable pthread attribute
configure:15977: /usr/bin/cc -o conftest -O -fvisibility=hidden -pthread   conftest.c -lpthread  >&5
configure:15977: $? = 0
configure:15986: result: PTHREAD_CREATE_JOINABLE
configure:15999: checking whether more special flags are required for pthreads
configure:16013: result: no
configure:16022: checking for PTHREAD_PRIO_INHERIT
configure:16040: /usr/bin/cc -o conftest -O -fvisibility=hidden -pthread   conftest.c -lpthread  >&5
configure:16040: $? = 0
configure:16050: result: yes
configure:16234: checking for python3
configure:16255: found /usr/bin/python3
configure:16266: result: python3
configure:16288: checking for python version
configure:16293: result: 3.12.3
configure:16353: checking for `docwriter' Python module
configure:16361: result: no
configure:16625: creating ./config.status

## ---------------------- ##
## Running config.status. ##
## ---------------------- ##

This file was extended by FreeType config.status 2.12.1, which was
generated by GNU Autoconf 2.71.  Invocation command line was

  CONFIG_FILES    = 
  CONFIG_HEADERS  = 
  CONFIG_LINKS    = 
  CONFIG_COMMANDS = 
  $ ./config.status 

on pkrvmubgrv54qmi

config.status:1149: creating ftoption.h
config.status:1149: creating unix-cc.mk
config.status:1149: creating unix-def.mk
config.status:1149: creating ftconfig.h
config.status:1344: executing libtool commands
configure:18868:

Library configuration:
  external zlib: yes (pkg-config)
  bzip2:         no
  libpng:        no
  harfbuzz:      no
  brotli:        no
  pthread:       yes

configure:18892: WARNING:
  `make refdoc' will fail since pip package `docwriter' is not installed.
  To install, run `python3 -m pip install docwriter', or to use a Python
  virtual environment, run `make refdoc-venv' (requires pip package
  `virtualenv').  These operations require Python >= 3.5.
  

## ---------------- ##
## Cache variables. ##
## ---------------- ##

ac_cv_build=x86_64-pc-linux-gnu
ac_cv_c_compiler_gnu=yes
ac_cv_c_const=yes
ac_cv_c_undeclared_builtin_options='none needed'
ac_cv_env_BROTLI_CFLAGS_set=
ac_cv_env_BROTLI_CFLAGS_value=
ac_cv_env_BROTLI_LIBS_set=
ac_cv_env_BROTLI_LIBS_value=
ac_cv_env_BZIP2_CFLAGS_set=
ac_cv_env_BZIP2_CFLAGS_value=
ac_cv_env_BZIP2_LIBS_set=
ac_cv_env_BZIP2_LIBS_value=
ac_cv_env_CC_set=set
ac_cv_env_CC_value=/usr/bin/cc
ac_cv_env_CFLAGS_set=set
ac_cv_env_CFLAGS_value=-O
ac_cv_env_CPPFLAGS_set=
ac_cv_env_CPPFLAGS_value=
ac_cv_env_CPP_set=
ac_cv_env_CPP_value=
ac_cv_env_HARFBUZZ_CFLAGS_set=
ac_cv_env_HARFBUZZ_CFLAGS_value=
ac_cv_env_HARFBUZZ_LIBS_set=
ac_cv_env_HARFBUZZ_LIBS_value=
ac_cv_env_LDFLAGS_set=
ac_cv_env_LDFLAGS_value=
ac_cv_env_LIBPNG_CFLAGS_set=
ac_cv_env_LIBPNG_CFLAGS_value=
ac_cv_env_LIBPNG_LIBS_set=
ac_cv_env_LIBPNG_LIBS_value=
ac_cv_env_LIBRSVG_CFLAGS_set=
ac_cv_env_LIBRSVG_CFLAGS_value=
ac_cv_env_LIBRSVG_LIBS_set=
ac_cv_env_LIBRSVG_LIBS_value=
ac_cv_env_LIBS_set=
ac_cv_env_LIBS_value=
ac_cv_env_LT_SYS_LIBRARY_PATH_set=
ac_cv_env_LT_SYS_LIBRARY_PATH_value=
ac_cv_env_PKG_CONFIG_LIBDIR_set=
ac_cv_env_PKG_CONFIG_LIBDIR_value=
ac_cv_env_PKG_CONFIG_PATH_set=
ac_cv_env_PKG_CONFIG_PATH_value=
ac_cv_env_PKG_CONFIG_set=
ac_cv_env_PKG_CONFIG_value=
ac_cv_env_ZLIB_CFLAGS_set=
ac_cv_env_ZLIB_CFLAGS_value=
ac_cv_env_ZLIB_LIBS_set=
ac_cv_env_ZLIB_LIBS_value=
ac_cv_env_build_alias_set=
ac_cv_env_build_alias_value=
ac_cv_env_host_alias_set=
ac_cv_env_host_alias_value=
ac_cv_env_target_alias_set=
ac_cv_env_target_alias_value=
ac_cv_func_getpagesize=yes
ac_cv_func_memcpy=yes
ac_cv_func_memmove=yes
ac_cv_func_mmap_fixed_mapped=yes
ac_cv_have_decl_munmap=yes
ac_cv_header_dlfcn_h=yes
ac_cv_header_fcntl_h=yes
ac_cv_header_inttypes_h=yes
ac_cv_header_stdint_h=yes
ac_cv_header_stdio_h=yes
ac_cv_header_stdlib_h=yes
ac_cv_header_string_h=yes
ac_cv_header_strings_h=yes
ac_cv_header_sys_param_h=yes
ac_cv_header_sys_stat_h=yes
ac_cv_header_sys_types_h=yes
ac_cv_header_unistd_h=yes
ac_cv_header_windows_h=no
ac_cv_host=x86_64-pc-linux-gnu
ac_cv_objext=o
ac_cv_path_EGREP='/usr/bin/grep -E'
ac_cv_path_FGREP='/usr/bin/grep -F'
ac_cv_path_GREP=/usr/bin/grep
ac_cv_path_SED=/usr/bin/sed
ac_cv_path_ac_pt_PKG_CONFIG=/usr/bin/pkg-config
ac_cv_path_install='/usr/bin/install -c'
ac_cv_path_lt_DD=/usr/bin/dd
ac_cv_path_mkdir=/usr/bin/mkdir
ac_cv_prog_AWK=gawk
ac_cv_prog_CPP='/usr/bin/cc -E'
ac_cv_prog_PYTHON=python3
ac_cv_prog_ac_ct_AR=ar
ac_cv_prog_ac_ct_CC=/usr/bin/cc
ac_cv_prog_ac_ct_FILECMD=file
ac_cv_prog_ac_ct_MANIFEST_TOOL=mt
ac_cv_prog_ac_ct_OBJDUMP=objdump
ac_cv_prog_ac_ct_RANLIB=ranlib
ac_cv_prog_ac_ct_STRIP=strip
ac_cv_prog_cc_c11=
ac_cv_prog_cc_g=yes
ac_cv_prog_cc_stdc=
ac_cv_search_clock_gettime='none required'
ac_cv_sys_file_offset_bits=no
ac_cv_sys_largefile_CC=no
ac_cv_target=x86_64-pc-linux-gnu
ax_cv_PTHREAD_CLANG=no
ax_cv_PTHREAD_JOINABLE_ATTR=PTHREAD_CREATE_JOINABLE
ax_cv_PTHREAD_PRIO_INHERIT=yes
ax_cv_PTHREAD_SPECIAL_FLAGS=no
lt_cv_ar_at_file=@
lt_cv_deplibs_check_method=pass_all
lt_cv_file_magic_cmd='$MAGIC_CMD'
lt_cv_file_magic_test_file=
lt_cv_ld_reload_flag=-r
lt_cv_nm_interface='BSD nm'
lt_cv_objdir=.libs
lt_cv_path_LD=/usr/bin/ld
lt_cv_path_NM='/usr/bin/nm -B'
lt_cv_path_mainfest_tool=no
lt_cv_prog_compiler_c_o=yes
lt_cv_prog_compiler_pic='-fPIC -DPIC'
lt_cv_prog_compiler_pic_works=yes
lt_cv_prog_compiler_rtti_exceptions=no
lt_cv_prog_compiler_static_works=yes
lt_cv_prog_gnu_ld=yes
lt_cv_sharedlib_from_linklib_cmd='printf %s\n'
lt_cv_shlibpath_overrides_runpath=yes
lt_cv_sys_global_symbol_pipe='/usr/bin/sed -n -e '\''s/^.*[	 ]\([ABCDGIRSTW][ABCDGIRSTW]*\)[	 ][	 ]*\([_A-Za-z][_A-Za-z0-9]*\)$/\1 \2 \2/p'\'' | /usr/bin/sed '\''/ __gnu_lto/d'\'''
lt_cv_sys_global_symbol_to_c_name_address='/usr/bin/sed -n -e '\''s/^: \(.*\) .*$/  {"\1", (void *) 0},/p'\'' -e '\''s/^[ABCDGIRSTW][ABCDGIRSTW]* .* \(.*\)$/  {"\1", (void *) \&\1},/p'\'''
lt_cv_sys_global_symbol_to_c_name_address_lib_prefix='/usr/bin/sed -n -e '\''s/^: \(.*\) .*$/  {"\1", (void *) 0},/p'\'' -e '\''s/^[ABCDGIRSTW][ABCDGIRSTW]* .* \(lib.*\)$/  {"\1", (void *) \&\1},/p'\'' -e '\''s/^[ABCDGIRSTW][ABCDGIRSTW]* .* \(.*\)$/  {"lib\1", (void *) \&\1},/p'\'''
lt_cv_sys_global_symbol_to_cdecl='/usr/bin/sed -n -e '\''s/^T .* \(.*\)$/extern int \1();/p'\'' -e '\''s/^[ABCDGIRSTW][ABCDGIRSTW]* .* \(.*\)$/extern char \1;/p'\'''
lt_cv_sys_global_symbol_to_import=
lt_cv_sys_max_cmd_len=3145728
lt_cv_to_host_file_cmd=func_convert_file_noop
lt_cv_to_tool_file_cmd=func_convert_file_noop
lt_cv_truncate_bin='/usr/bin/dd bs=4096 count=1'
pkg_cv_ZLIB_CFLAGS=
pkg_cv_ZLIB_LIBS='-lz '

## ----------------- ##
## Output variables. ##
## ----------------- ##

AR='ar'
AS='as'
AWK='gawk'
BROTLI_CFLAGS=''
BROTLI_LIBS=''
BZIP2_CFLAGS=''
BZIP2_LIBS=''
CC='/usr/bin/cc'
CC_BUILD='/usr/bin/cc'
CFLAGS='-O -fvisibility=hidden  -pthread'
CPP='/usr/bin/cc -E'
CPPFLAGS=''
DEFS='-DHAVE_CONFIG_H'
DLLTOOL='false'
DSYMUTIL=''
DUMPBIN=''
ECHO_C=''
ECHO_N='-n'
ECHO_T=''
EGREP='/usr/bin/grep -E'
EXEEXT=''
EXEEXT_BUILD=''
FGREP='/usr/bin/grep -F'
FILECMD='file'
FTSYS_SRC='$(PLATFORM_DIR)/ftsystem.c'
FT_DEMO_CFLAGS=''
FT_DEMO_LDFLAGS=''
GREP='/usr/bin/grep'
HARFBUZZ_CFLAGS=''
HARFBUZZ_LIBS=''
INSTALL_DATA='${INSTALL} -m 644'
INSTALL_FT2_CONFIG='FALSE'
INSTALL_PROGRAM='${INSTALL}'
INSTALL_SCRIPT='${INSTALL}'
LD='/usr/bin/ld -m elf_x86_64'
LDFLAGS=' -lz  -pthread -lpthread'
LIBOBJS=''
LIBPNG_CFLAGS=''
LIBPNG_LIBS=''
LIBRSVG_CFLAGS=''
LIBRSVG_LIBS=''
LIBS=''
LIBSSTATIC_CONFIG='-lfreetype -lz'
LIBTOOL='$(SHELL) $(top_builddir)/libtool'
LIPO=''
LN_S='ln -s'
LTLIBOBJS=''
LT_SYS_LIBRARY_PATH=''
MANIFEST_TOOL=':'
MKDIR_P='/usr/bin/mkdir -p'
NM='/usr/bin/nm -B'
NMEDIT=''
OBJDUMP='objdump'
OBJEXT='o'
OTOOL64=''
OTOOL=''
PACKAGE_BUGREPORT='freetype@nongnu.org'
PACKAGE_NAME='FreeType'
PACKAGE_STRING='FreeType 2.12.1'
PACKAGE_TARNAME='freetype'
PACKAGE_URL=''
PACKAGE_VERSION='2.12.1'
PATH_SEPARATOR=':'
PKGCONFIG_LIBS='-L${libdir} -lfreetype '
PKGCONFIG_LIBS_PRIVATE=''
PKGCONFIG_REQUIRES=' zlib'
PKGCONFIG_REQUIRES_PRIVATE=''
PKG_CONFIG='/usr/bin/pkg-config'
PKG_CONFIG_LIBDIR=''
PKG_CONFIG_PATH=''
PTHREAD_CC='/usr/bin/cc'
PTHREAD_CFLAGS='-pthread'
PTHREAD_CXX=''
PTHREAD_LIBS='-lpthread'
PYTHON='python3'
PYTHON_VERSION='3.12.3'
RANLIB='ranlib'
RC=''
SED='/usr/bin/sed'
SHELL='/bin/bash'
STRIP='strip'
SYSTEM_ZLIB='yes'
XX_ANSIFLAGS=' -pedantic -std=c99'
XX_CFLAGS='-Wall'
ZLIB_CFLAGS=''
ZLIB_LIBS='-lz '
ac_ct_AR='ar'
ac_ct_CC='/usr/bin/cc'
ac_ct_DUMPBIN=''
ax_pthread_config=''
bindir='${exec_prefix}/bin'
build='x86_64-pc-linux-gnu'
build_alias=''
build_cpu='x86_64'
build_libtool_libs=''
build_os='linux-gnu'
build_vendor='pc'
datadir='${datarootdir}'
datarootdir='${prefix}/share'
docdir='${datarootdir}/doc/${PACKAGE_TARNAME}'
dvidir='${docdir}'
exec_prefix='${prefix}'
ft_version='24.3.18'
ftmac_c=''
hardcode_libdir_flag_spec='$wl-rpath $wl$libdir'
host='x86_64-pc-linux-gnu'
host_alias=''
host_cpu='x86_64'
host_os='linux-gnu'
host_vendor='pc'
htmldir='${docdir}'
includedir='${prefix}/include'
infodir='${datarootdir}/info'
libdir='${exec_prefix}/lib'
libexecdir='${exec_prefix}/libexec'
localedir='${datarootdir}/locale'
localstatedir='${prefix}/var'
mandir='${datarootdir}/man'
oldincludedir='/usr/include'
pdfdir='${docdir}'
prefix='/home/runner/work/root/root/build/FREETYPE-prefix'
program_transform_name='s,x,x,'
psdir='${docdir}'
runstatedir='${localstatedir}/run'
sbindir='${exec_prefix}/sbin'
sharedstatedir='${prefix}/com'
sysconfdir='${prefix}/etc'
target='x86_64-pc-linux-gnu'
target_alias=''
target_cpu='x86_64'
target_os='linux-gnu'
target_vendor='pc'
version_info='24:3:18'
wl='-Wl,'

## ----------- ##
## confdefs.h. ##
## ----------- ##

/* confdefs.h */
#define PACKAGE_NAME "FreeType"
#define PACKAGE_TARNAME "freetype"
#define PACKAGE_VERSION "2.12.1"
#define PACKAGE_STRING "FreeType 2.12.1"
#define PACKAGE_BUGREPORT "freetype@nongnu.org"
#define PACKAGE_URL ""
#define HAVE_STDIO_H 1
#define HAVE_STDLIB_H 1
#define HAVE_STRING_H 1
#define HAVE_INTTYPES_H 1
#define HAVE_STDINT_H 1
#define HAVE_STRINGS_H 1
#define HAVE_SYS_STAT_H 1
#define HAVE_SYS_TYPES_H 1
#define HAVE_UNISTD_H 1
#define HAVE_SYS_PARAM_H 1
#define STDC_HEADERS 1
#define HAVE_DLFCN_H 1
#define LT_OBJDIR ".libs/"
#define HAVE_FCNTL_H 1
#define HAVE_UNISTD_H 1
#define HAVE_GETPAGESIZE 1
#define HAVE_MMAP 1
#define HAVE_DECL_MUNMAP 1
#define MUNMAP_USES_VOIDP /**/
#define HAVE_MEMCPY 1
#define HAVE_MEMMOVE 1
#define HAVE_PTHREAD_PRIO_INHERIT 1

configure: exit 0
